2020-03-13 13:53:12.406 [INFO ] org.springframework.boot.StartupInfoLogger.logStarting - Starting StoremanagerApplication on 姚元帅 with PID 14300 (F:\MyJob\IDEA\storemanager\target\classes started by YYS in F:\MyJob\IDEA\storemanager)
2020-03-13 13:53:12.409 [INFO ] org.springframework.boot.SpringApplication.logStartupProfileInfo - No active profile set, falling back to default profiles: default
2020-03-13 13:53:12.443 [INFO ] org.springframework.boot.logging.DeferredLog.logTo - Devtools property defaults active! Set 'spring.devtools.add-properties' to 'false' to disable
2020-03-13 13:53:12.444 [INFO ] org.springframework.boot.logging.DeferredLog.logTo - For additional web related logging consider setting the 'logging.level.web' property to 'DEBUG'
2020-03-13 13:53:13.372 [INFO ] org.springframework.boot.web.embedded.tomcat.TomcatWebServer.initialize - Tomcat initialized with port(s): 8080 (http)
2020-03-13 13:53:13.382 [INFO ] org.apache.juli.logging.DirectJDKLog.log - Initializing ProtocolHandler ["http-nio-8080"]
2020-03-13 13:53:13.382 [INFO ] org.apache.juli.logging.DirectJDKLog.log - Starting service [Tomcat]
2020-03-13 13:53:13.383 [INFO ] org.apache.juli.logging.DirectJDKLog.log - Starting Servlet engine: [Apache Tomcat/9.0.31]
2020-03-13 13:53:13.503 [INFO ] org.apache.juli.logging.DirectJDKLog.log - Initializing Spring embedded WebApplicationContext
2020-03-13 13:53:13.504 [INFO ] org.springframework.boot.web.servlet.context.ServletWebServerApplicationContext.prepareWebApplicationContext - Root WebApplicationContext: initialization completed in 1058 ms
2020-03-13 13:53:13.894 [INFO ] org.springframework.scheduling.concurrent.ExecutorConfigurationSupport.initialize - Initializing ExecutorService 'applicationTaskExecutor'
2020-03-13 13:53:13.942 [INFO ] org.springframework.boot.autoconfigure.web.servlet.WelcomePageHandlerMapping.<init> - Adding welcome page: class path resource [templates/index.html]
2020-03-13 13:53:13.989 [WARN ] org.thymeleaf.templatemode.TemplateMode.parse - [THYMELEAF][restartedMain] Template Mode 'LEGACYHTML5' is deprecated. Using Template Mode 'HTML' instead.
2020-03-13 13:53:14.147 [INFO ] org.springframework.boot.devtools.autoconfigure.OptionalLiveReloadServer.startServer - LiveReload server is running on port 35729
2020-03-13 13:53:14.177 [INFO ] org.apache.juli.logging.DirectJDKLog.log - Starting ProtocolHandler ["http-nio-8080"]
2020-03-13 13:53:14.200 [INFO ] org.springframework.boot.web.embedded.tomcat.TomcatWebServer.start - Tomcat started on port(s): 8080 (http) with context path ''
2020-03-13 13:53:14.202 [INFO ] org.springframework.boot.StartupInfoLogger.logStarted - Started StoremanagerApplication in 2.214 seconds (JVM running for 4.215)
2020-03-13 13:57:15.257 [INFO ] org.springframework.scheduling.concurrent.ExecutorConfigurationSupport.shutdown - Shutting down ExecutorService 'applicationTaskExecutor'
2020-03-13 13:57:15.868 [INFO ] org.springframework.boot.StartupInfoLogger.logStarting - Starting StoremanagerApplication on 姚元帅 with PID 14300 (F:\MyJob\IDEA\storemanager\target\classes started by YYS in F:\MyJob\IDEA\storemanager)
2020-03-13 13:57:15.869 [INFO ] org.springframework.boot.SpringApplication.logStartupProfileInfo - No active profile set, falling back to default profiles: default
2020-03-13 13:57:16.189 [INFO ] org.springframework.boot.web.embedded.tomcat.TomcatWebServer.initialize - Tomcat initialized with port(s): 8080 (http)
2020-03-13 13:57:16.190 [INFO ] org.apache.juli.logging.DirectJDKLog.log - Initializing ProtocolHandler ["http-nio-8080"]
2020-03-13 13:57:16.190 [INFO ] org.apache.juli.logging.DirectJDKLog.log - Starting service [Tomcat]
2020-03-13 13:57:16.190 [INFO ] org.apache.juli.logging.DirectJDKLog.log - Starting Servlet engine: [Apache Tomcat/9.0.31]
2020-03-13 13:57:16.239 [INFO ] org.apache.juli.logging.DirectJDKLog.log - Initializing Spring embedded WebApplicationContext
2020-03-13 13:57:16.239 [INFO ] org.springframework.boot.web.servlet.context.ServletWebServerApplicationContext.prepareWebApplicationContext - Root WebApplicationContext: initialization completed in 367 ms
2020-03-13 13:57:16.301 [INFO ] org.springframework.scheduling.concurrent.ExecutorConfigurationSupport.initialize - Initializing ExecutorService 'applicationTaskExecutor'
2020-03-13 13:57:16.309 [INFO ] org.springframework.boot.autoconfigure.web.servlet.WelcomePageHandlerMapping.<init> - Adding welcome page: class path resource [templates/index.html]
2020-03-13 13:57:16.325 [WARN ] org.thymeleaf.templatemode.TemplateMode.parse - [THYMELEAF][restartedMain] Template Mode 'LEGACYHTML5' is deprecated. Using Template Mode 'HTML' instead.
2020-03-13 13:57:16.402 [INFO ] org.springframework.boot.devtools.autoconfigure.OptionalLiveReloadServer.startServer - LiveReload server is running on port 35729
2020-03-13 13:57:16.416 [INFO ] org.apache.juli.logging.DirectJDKLog.log - Starting ProtocolHandler ["http-nio-8080"]
2020-03-13 13:57:16.419 [INFO ] org.springframework.boot.web.embedded.tomcat.TomcatWebServer.start - Tomcat started on port(s): 8080 (http) with context path ''
2020-03-13 13:57:16.419 [INFO ] org.springframework.boot.StartupInfoLogger.logStarted - Started StoremanagerApplication in 0.598 seconds (JVM running for 246.431)
2020-03-13 13:57:16.420 [INFO ] org.springframework.boot.devtools.autoconfigure.ConditionEvaluationDeltaLoggingListener.onApplicationEvent - Condition evaluation unchanged
2020-03-13 14:00:11.546 [INFO ] org.springframework.scheduling.concurrent.ExecutorConfigurationSupport.shutdown - Shutting down ExecutorService 'applicationTaskExecutor'
2020-03-13 14:00:12.199 [INFO ] org.springframework.boot.StartupInfoLogger.logStarting - Starting StoremanagerApplication on 姚元帅 with PID 14300 (F:\MyJob\IDEA\storemanager\target\classes started by YYS in F:\MyJob\IDEA\storemanager)
2020-03-13 14:00:12.200 [INFO ] org.springframework.boot.SpringApplication.logStartupProfileInfo - No active profile set, falling back to default profiles: default
2020-03-13 14:00:12.528 [INFO ] org.springframework.boot.web.embedded.tomcat.TomcatWebServer.initialize - Tomcat initialized with port(s): 8080 (http)
2020-03-13 14:00:12.529 [INFO ] org.apache.juli.logging.DirectJDKLog.log - Initializing ProtocolHandler ["http-nio-8080"]
2020-03-13 14:00:12.529 [INFO ] org.apache.juli.logging.DirectJDKLog.log - Starting service [Tomcat]
2020-03-13 14:00:12.529 [INFO ] org.apache.juli.logging.DirectJDKLog.log - Starting Servlet engine: [Apache Tomcat/9.0.31]
2020-03-13 14:00:12.567 [INFO ] org.apache.juli.logging.DirectJDKLog.log - Initializing Spring embedded WebApplicationContext
2020-03-13 14:00:12.567 [INFO ] org.springframework.boot.web.servlet.context.ServletWebServerApplicationContext.prepareWebApplicationContext - Root WebApplicationContext: initialization completed in 364 ms
2020-03-13 14:00:12.629 [INFO ] org.springframework.scheduling.concurrent.ExecutorConfigurationSupport.initialize - Initializing ExecutorService 'applicationTaskExecutor'
2020-03-13 14:00:12.637 [INFO ] org.springframework.boot.autoconfigure.web.servlet.WelcomePageHandlerMapping.<init> - Adding welcome page: class path resource [templates/index.html]
2020-03-13 14:00:12.651 [WARN ] org.thymeleaf.templatemode.TemplateMode.parse - [THYMELEAF][restartedMain] Template Mode 'LEGACYHTML5' is deprecated. Using Template Mode 'HTML' instead.
2020-03-13 14:00:12.726 [INFO ] org.springframework.boot.devtools.autoconfigure.OptionalLiveReloadServer.startServer - LiveReload server is running on port 35729
2020-03-13 14:00:12.740 [INFO ] org.apache.juli.logging.DirectJDKLog.log - Starting ProtocolHandler ["http-nio-8080"]
2020-03-13 14:00:12.742 [INFO ] org.springframework.boot.web.embedded.tomcat.TomcatWebServer.start - Tomcat started on port(s): 8080 (http) with context path ''
2020-03-13 14:00:12.742 [INFO ] org.springframework.boot.StartupInfoLogger.logStarted - Started StoremanagerApplication in 0.598 seconds (JVM running for 422.755)
2020-03-13 14:00:12.744 [INFO ] org.springframework.boot.devtools.autoconfigure.ConditionEvaluationDeltaLoggingListener.onApplicationEvent - Condition evaluation unchanged
2020-03-13 14:00:43.858 [INFO ] org.springframework.scheduling.concurrent.ExecutorConfigurationSupport.shutdown - Shutting down ExecutorService 'applicationTaskExecutor'
2020-03-13 14:00:48.808 [INFO ] org.springframework.boot.StartupInfoLogger.logStarting - Starting StoremanagerApplication on 姚元帅 with PID 16228 (F:\MyJob\IDEA\storemanager\target\classes started by YYS in F:\MyJob\IDEA\storemanager)
2020-03-13 14:00:48.815 [INFO ] org.springframework.boot.SpringApplication.logStartupProfileInfo - No active profile set, falling back to default profiles: default
2020-03-13 14:00:48.855 [INFO ] org.springframework.boot.logging.DeferredLog.logTo - Devtools property defaults active! Set 'spring.devtools.add-properties' to 'false' to disable
2020-03-13 14:00:48.855 [INFO ] org.springframework.boot.logging.DeferredLog.logTo - For additional web related logging consider setting the 'logging.level.web' property to 'DEBUG'
2020-03-13 14:00:49.845 [INFO ] org.springframework.boot.web.embedded.tomcat.TomcatWebServer.initialize - Tomcat initialized with port(s): 8080 (http)
2020-03-13 14:00:49.854 [INFO ] org.apache.juli.logging.DirectJDKLog.log - Initializing ProtocolHandler ["http-nio-8080"]
2020-03-13 14:00:49.855 [INFO ] org.apache.juli.logging.DirectJDKLog.log - Starting service [Tomcat]
2020-03-13 14:00:49.856 [INFO ] org.apache.juli.logging.DirectJDKLog.log - Starting Servlet engine: [Apache Tomcat/9.0.31]
2020-03-13 14:00:49.980 [INFO ] org.apache.juli.logging.DirectJDKLog.log - Initializing Spring embedded WebApplicationContext
2020-03-13 14:00:49.981 [INFO ] org.springframework.boot.web.servlet.context.ServletWebServerApplicationContext.prepareWebApplicationContext - Root WebApplicationContext: initialization completed in 1125 ms
2020-03-13 14:00:50.441 [INFO ] org.springframework.scheduling.concurrent.ExecutorConfigurationSupport.initialize - Initializing ExecutorService 'applicationTaskExecutor'
2020-03-13 14:00:50.489 [INFO ] org.springframework.boot.autoconfigure.web.servlet.WelcomePageHandlerMapping.<init> - Adding welcome page: class path resource [templates/index.html]
2020-03-13 14:00:50.537 [WARN ] org.thymeleaf.templatemode.TemplateMode.parse - [THYMELEAF][restartedMain] Template Mode 'LEGACYHTML5' is deprecated. Using Template Mode 'HTML' instead.
2020-03-13 14:00:50.720 [INFO ] org.springframework.boot.devtools.autoconfigure.OptionalLiveReloadServer.startServer - LiveReload server is running on port 35729
2020-03-13 14:00:50.752 [INFO ] org.apache.juli.logging.DirectJDKLog.log - Starting ProtocolHandler ["http-nio-8080"]
2020-03-13 14:00:50.775 [INFO ] org.springframework.boot.web.embedded.tomcat.TomcatWebServer.start - Tomcat started on port(s): 8080 (http) with context path ''
2020-03-13 14:00:50.778 [INFO ] org.springframework.boot.StartupInfoLogger.logStarted - Started StoremanagerApplication in 2.459 seconds (JVM running for 4.51)
2020-03-13 14:00:55.593 [INFO ] org.apache.juli.logging.DirectJDKLog.log - Initializing Spring DispatcherServlet 'dispatcherServlet'
2020-03-13 14:00:55.593 [INFO ] org.springframework.web.servlet.FrameworkServlet.initServletBean - Initializing Servlet 'dispatcherServlet'
2020-03-13 14:00:55.597 [INFO ] org.springframework.web.servlet.FrameworkServlet.initServletBean - Completed initialization in 4 ms
2020-03-13 14:00:59.928 [ERROR] com.yys.storemanager.Util.LogUtil.error - com.yys.storemanager.Controller.LoginController
org.mybatis.spring.MyBatisSystemException: nested exception is org.apache.ibatis.binding.BindingException: Parameter 'Word' not found. Available parameters are [passWord, userName, param1, param2]
	at org.mybatis.spring.MyBatisExceptionTranslator.translateExceptionIfPossible(MyBatisExceptionTranslator.java:77) ~[mybatis-spring-1.3.2.jar:1.3.2]
	at org.mybatis.spring.SqlSessionTemplate$SqlSessionInterceptor.invoke(SqlSessionTemplate.java:446) ~[mybatis-spring-1.3.2.jar:1.3.2]
	at com.sun.proxy.$Proxy82.selectOne(Unknown Source) ~[?:?]
	at org.mybatis.spring.SqlSessionTemplate.selectOne(SqlSessionTemplate.java:166) ~[mybatis-spring-1.3.2.jar:1.3.2]
	at org.apache.ibatis.binding.MapperMethod.execute(MapperMethod.java:83) ~[mybatis-3.4.6.jar:3.4.6]
	at org.apache.ibatis.binding.MapperProxy.invoke(MapperProxy.java:59) ~[mybatis-3.4.6.jar:3.4.6]
	at com.sun.proxy.$Proxy83.getLogin(Unknown Source) ~[?:?]
	at sun.reflect.NativeMethodAccessorImpl.invoke0(Native Method) ~[?:1.8.0_91]
	at sun.reflect.NativeMethodAccessorImpl.invoke(NativeMethodAccessorImpl.java:62) ~[?:1.8.0_91]
	at sun.reflect.DelegatingMethodAccessorImpl.invoke(DelegatingMethodAccessorImpl.java:43) ~[?:1.8.0_91]
	at java.lang.reflect.Method.invoke(Method.java:498) ~[?:1.8.0_91]
	at org.springframework.aop.support.AopUtils.invokeJoinpointUsingReflection(AopUtils.java:344) ~[spring-aop-5.2.4.RELEASE.jar:5.2.4.RELEASE]
	at org.springframework.aop.framework.ReflectiveMethodInvocation.invokeJoinpoint(ReflectiveMethodInvocation.java:198) ~[spring-aop-5.2.4.RELEASE.jar:5.2.4.RELEASE]
	at org.springframework.aop.framework.ReflectiveMethodInvocation.proceed(ReflectiveMethodInvocation.java:163) ~[spring-aop-5.2.4.RELEASE.jar:5.2.4.RELEASE]
	at org.springframework.dao.support.PersistenceExceptionTranslationInterceptor.invoke(PersistenceExceptionTranslationInterceptor.java:139) ~[spring-tx-5.2.4.RELEASE.jar:5.2.4.RELEASE]
	at org.springframework.aop.framework.ReflectiveMethodInvocation.proceed(ReflectiveMethodInvocation.java:186) ~[spring-aop-5.2.4.RELEASE.jar:5.2.4.RELEASE]
	at org.springframework.aop.framework.JdkDynamicAopProxy.invoke(JdkDynamicAopProxy.java:212) ~[spring-aop-5.2.4.RELEASE.jar:5.2.4.RELEASE]
	at com.sun.proxy.$Proxy84.getLogin(Unknown Source) ~[?:?]
	at com.yys.storemanager.Service.LoginService.getLogin(LoginService.java:13) ~[classes/:?]
	at com.yys.storemanager.Controller.LoginController.Login(LoginController.java:25) [classes/:?]
	at sun.reflect.NativeMethodAccessorImpl.invoke0(Native Method) ~[?:1.8.0_91]
	at sun.reflect.NativeMethodAccessorImpl.invoke(NativeMethodAccessorImpl.java:62) ~[?:1.8.0_91]
	at sun.reflect.DelegatingMethodAccessorImpl.invoke(DelegatingMethodAccessorImpl.java:43) ~[?:1.8.0_91]
	at java.lang.reflect.Method.invoke(Method.java:498) ~[?:1.8.0_91]
	at org.springframework.web.method.support.InvocableHandlerMethod.doInvoke(InvocableHandlerMethod.java:190) [spring-web-5.2.4.RELEASE.jar:5.2.4.RELEASE]
	at org.springframework.web.method.support.InvocableHandlerMethod.invokeForRequest(InvocableHandlerMethod.java:138) [spring-web-5.2.4.RELEASE.jar:5.2.4.RELEASE]
	at org.springframework.web.servlet.mvc.method.annotation.ServletInvocableHandlerMethod.invokeAndHandle(ServletInvocableHandlerMethod.java:106) [spring-webmvc-5.2.4.RELEASE.jar:5.2.4.RELEASE]
	at org.springframework.web.servlet.mvc.method.annotation.RequestMappingHandlerAdapter.invokeHandlerMethod(RequestMappingHandlerAdapter.java:879) [spring-webmvc-5.2.4.RELEASE.jar:5.2.4.RELEASE]
	at org.springframework.web.servlet.mvc.method.annotation.RequestMappingHandlerAdapter.handleInternal(RequestMappingHandlerAdapter.java:793) [spring-webmvc-5.2.4.RELEASE.jar:5.2.4.RELEASE]
	at org.springframework.web.servlet.mvc.method.AbstractHandlerMethodAdapter.handle(AbstractHandlerMethodAdapter.java:87) [spring-webmvc-5.2.4.RELEASE.jar:5.2.4.RELEASE]
	at org.springframework.web.servlet.DispatcherServlet.doDispatch(DispatcherServlet.java:1040) [spring-webmvc-5.2.4.RELEASE.jar:5.2.4.RELEASE]
	at org.springframework.web.servlet.DispatcherServlet.doService(DispatcherServlet.java:943) [spring-webmvc-5.2.4.RELEASE.jar:5.2.4.RELEASE]
	at org.springframework.web.servlet.FrameworkServlet.processRequest(FrameworkServlet.java:1006) [spring-webmvc-5.2.4.RELEASE.jar:5.2.4.RELEASE]
	at org.springframework.web.servlet.FrameworkServlet.doPost(FrameworkServlet.java:909) [spring-webmvc-5.2.4.RELEASE.jar:5.2.4.RELEASE]
	at javax.servlet.http.HttpServlet.service(HttpServlet.java:660) [tomcat-embed-core-9.0.31.jar:9.0.31]
	at org.springframework.web.servlet.FrameworkServlet.service(FrameworkServlet.java:883) [spring-webmvc-5.2.4.RELEASE.jar:5.2.4.RELEASE]
	at javax.servlet.http.HttpServlet.service(HttpServlet.java:741) [tomcat-embed-core-9.0.31.jar:9.0.31]
	at org.apache.catalina.core.ApplicationFilterChain.internalDoFilter(ApplicationFilterChain.java:231) [tomcat-embed-core-9.0.31.jar:9.0.31]
	at org.apache.catalina.core.ApplicationFilterChain.doFilter(ApplicationFilterChain.java:166) [tomcat-embed-core-9.0.31.jar:9.0.31]
	at org.apache.tomcat.websocket.server.WsFilter.doFilter(WsFilter.java:53) [tomcat-embed-websocket-9.0.31.jar:9.0.31]
	at org.apache.catalina.core.ApplicationFilterChain.internalDoFilter(ApplicationFilterChain.java:193) [tomcat-embed-core-9.0.31.jar:9.0.31]
	at org.apache.catalina.core.ApplicationFilterChain.doFilter(ApplicationFilterChain.java:166) [tomcat-embed-core-9.0.31.jar:9.0.31]
	at org.springframework.web.filter.RequestContextFilter.doFilterInternal(RequestContextFilter.java:100) [spring-web-5.2.4.RELEASE.jar:5.2.4.RELEASE]
	at org.springframework.web.filter.OncePerRequestFilter.doFilter(OncePerRequestFilter.java:119) [spring-web-5.2.4.RELEASE.jar:5.2.4.RELEASE]
	at org.apache.catalina.core.ApplicationFilterChain.internalDoFilter(ApplicationFilterChain.java:193) [tomcat-embed-core-9.0.31.jar:9.0.31]
	at org.apache.catalina.core.ApplicationFilterChain.doFilter(ApplicationFilterChain.java:166) [tomcat-embed-core-9.0.31.jar:9.0.31]
	at org.springframework.web.filter.FormContentFilter.doFilterInternal(FormContentFilter.java:93) [spring-web-5.2.4.RELEASE.jar:5.2.4.RELEASE]
	at org.springframework.web.filter.OncePerRequestFilter.doFilter(OncePerRequestFilter.java:119) [spring-web-5.2.4.RELEASE.jar:5.2.4.RELEASE]
	at org.apache.catalina.core.ApplicationFilterChain.internalDoFilter(ApplicationFilterChain.java:193) [tomcat-embed-core-9.0.31.jar:9.0.31]
	at org.apache.catalina.core.ApplicationFilterChain.doFilter(ApplicationFilterChain.java:166) [tomcat-embed-core-9.0.31.jar:9.0.31]
	at org.springframework.web.filter.CharacterEncodingFilter.doFilterInternal(CharacterEncodingFilter.java:201) [spring-web-5.2.4.RELEASE.jar:5.2.4.RELEASE]
	at org.springframework.web.filter.OncePerRequestFilter.doFilter(OncePerRequestFilter.java:119) [spring-web-5.2.4.RELEASE.jar:5.2.4.RELEASE]
	at org.apache.catalina.core.ApplicationFilterChain.internalDoFilter(ApplicationFilterChain.java:193) [tomcat-embed-core-9.0.31.jar:9.0.31]
	at org.apache.catalina.core.ApplicationFilterChain.doFilter(ApplicationFilterChain.java:166) [tomcat-embed-core-9.0.31.jar:9.0.31]
	at org.apache.catalina.core.StandardWrapperValve.invoke(StandardWrapperValve.java:202) [tomcat-embed-core-9.0.31.jar:9.0.31]
	at org.apache.catalina.core.StandardContextValve.invoke(StandardContextValve.java:96) [tomcat-embed-core-9.0.31.jar:9.0.31]
	at org.apache.catalina.authenticator.AuthenticatorBase.invoke(AuthenticatorBase.java:541) [tomcat-embed-core-9.0.31.jar:9.0.31]
	at org.apache.catalina.core.StandardHostValve.invoke(StandardHostValve.java:139) [tomcat-embed-core-9.0.31.jar:9.0.31]
	at org.apache.catalina.valves.ErrorReportValve.invoke(ErrorReportValve.java:92) [tomcat-embed-core-9.0.31.jar:9.0.31]
	at org.apache.catalina.core.StandardEngineValve.invoke(StandardEngineValve.java:74) [tomcat-embed-core-9.0.31.jar:9.0.31]
	at org.apache.catalina.connector.CoyoteAdapter.service(CoyoteAdapter.java:343) [tomcat-embed-core-9.0.31.jar:9.0.31]
	at org.apache.coyote.http11.Http11Processor.service(Http11Processor.java:367) [tomcat-embed-core-9.0.31.jar:9.0.31]
	at org.apache.coyote.AbstractProcessorLight.process(AbstractProcessorLight.java:65) [tomcat-embed-core-9.0.31.jar:9.0.31]
	at org.apache.coyote.AbstractProtocol$ConnectionHandler.process(AbstractProtocol.java:868) [tomcat-embed-core-9.0.31.jar:9.0.31]
	at org.apache.tomcat.util.net.NioEndpoint$SocketProcessor.doRun(NioEndpoint.java:1639) [tomcat-embed-core-9.0.31.jar:9.0.31]
	at org.apache.tomcat.util.net.SocketProcessorBase.run(SocketProcessorBase.java:49) [tomcat-embed-core-9.0.31.jar:9.0.31]
	at java.util.concurrent.ThreadPoolExecutor.runWorker(ThreadPoolExecutor.java:1142) [?:1.8.0_91]
	at java.util.concurrent.ThreadPoolExecutor$Worker.run(ThreadPoolExecutor.java:617) [?:1.8.0_91]
	at org.apache.tomcat.util.threads.TaskThread$WrappingRunnable.run(TaskThread.java:61) [tomcat-embed-core-9.0.31.jar:9.0.31]
	at java.lang.Thread.run(Thread.java:745) [?:1.8.0_91]
Caused by: org.apache.ibatis.binding.BindingException: Parameter 'Word' not found. Available parameters are [passWord, userName, param1, param2]
	at org.apache.ibatis.binding.MapperMethod$ParamMap.get(MapperMethod.java:204) ~[mybatis-3.4.6.jar:3.4.6]
	at org.apache.ibatis.reflection.wrapper.MapWrapper.get(MapWrapper.java:45) ~[mybatis-3.4.6.jar:3.4.6]
	at org.apache.ibatis.reflection.MetaObject.getValue(MetaObject.java:122) ~[mybatis-3.4.6.jar:3.4.6]
	at org.apache.ibatis.executor.BaseExecutor.createCacheKey(BaseExecutor.java:219) ~[mybatis-3.4.6.jar:3.4.6]
	at org.apache.ibatis.executor.CachingExecutor.createCacheKey(CachingExecutor.java:146) ~[mybatis-3.4.6.jar:3.4.6]
	at org.apache.ibatis.executor.CachingExecutor.query(CachingExecutor.java:82) ~[mybatis-3.4.6.jar:3.4.6]
	at org.apache.ibatis.session.defaults.DefaultSqlSession.selectList(DefaultSqlSession.java:148) ~[mybatis-3.4.6.jar:3.4.6]
	at org.apache.ibatis.session.defaults.DefaultSqlSession.selectList(DefaultSqlSession.java:141) ~[mybatis-3.4.6.jar:3.4.6]
	at org.apache.ibatis.session.defaults.DefaultSqlSession.selectOne(DefaultSqlSession.java:77) ~[mybatis-3.4.6.jar:3.4.6]
	at sun.reflect.NativeMethodAccessorImpl.invoke0(Native Method) ~[?:1.8.0_91]
	at sun.reflect.NativeMethodAccessorImpl.invoke(NativeMethodAccessorImpl.java:62) ~[?:1.8.0_91]
	at sun.reflect.DelegatingMethodAccessorImpl.invoke(DelegatingMethodAccessorImpl.java:43) ~[?:1.8.0_91]
	at java.lang.reflect.Method.invoke(Method.java:498) ~[?:1.8.0_91]
	at org.mybatis.spring.SqlSessionTemplate$SqlSessionInterceptor.invoke(SqlSessionTemplate.java:433) ~[mybatis-spring-1.3.2.jar:1.3.2]
	... 68 more
2020-03-13 14:02:27.503 [INFO ] org.springframework.scheduling.concurrent.ExecutorConfigurationSupport.shutdown - Shutting down ExecutorService 'applicationTaskExecutor'
2020-03-13 14:02:28.170 [INFO ] org.springframework.boot.StartupInfoLogger.logStarting - Starting StoremanagerApplication on 姚元帅 with PID 16228 (F:\MyJob\IDEA\storemanager\target\classes started by YYS in F:\MyJob\IDEA\storemanager)
2020-03-13 14:02:28.171 [INFO ] org.springframework.boot.SpringApplication.logStartupProfileInfo - No active profile set, falling back to default profiles: default
2020-03-13 14:02:28.712 [INFO ] org.springframework.boot.web.embedded.tomcat.TomcatWebServer.initialize - Tomcat initialized with port(s): 8080 (http)
2020-03-13 14:02:28.713 [INFO ] org.apache.juli.logging.DirectJDKLog.log - Initializing ProtocolHandler ["http-nio-8080"]
2020-03-13 14:02:28.713 [INFO ] org.apache.juli.logging.DirectJDKLog.log - Starting service [Tomcat]
2020-03-13 14:02:28.714 [INFO ] org.apache.juli.logging.DirectJDKLog.log - Starting Servlet engine: [Apache Tomcat/9.0.31]
2020-03-13 14:02:28.788 [INFO ] org.apache.juli.logging.DirectJDKLog.log - Initializing Spring embedded WebApplicationContext
2020-03-13 14:02:28.788 [INFO ] org.springframework.boot.web.servlet.context.ServletWebServerApplicationContext.prepareWebApplicationContext - Root WebApplicationContext: initialization completed in 614 ms
2020-03-13 14:02:28.888 [INFO ] org.springframework.scheduling.concurrent.ExecutorConfigurationSupport.initialize - Initializing ExecutorService 'applicationTaskExecutor'
2020-03-13 14:02:28.903 [INFO ] org.springframework.boot.autoconfigure.web.servlet.WelcomePageHandlerMapping.<init> - Adding welcome page: class path resource [templates/index.html]
2020-03-13 14:02:28.928 [WARN ] org.thymeleaf.templatemode.TemplateMode.parse - [THYMELEAF][restartedMain] Template Mode 'LEGACYHTML5' is deprecated. Using Template Mode 'HTML' instead.
2020-03-13 14:02:29.033 [INFO ] org.springframework.boot.devtools.autoconfigure.OptionalLiveReloadServer.startServer - LiveReload server is running on port 35729
2020-03-13 14:02:29.050 [INFO ] org.apache.juli.logging.DirectJDKLog.log - Starting ProtocolHandler ["http-nio-8080"]
2020-03-13 14:02:29.054 [INFO ] org.springframework.boot.web.embedded.tomcat.TomcatWebServer.start - Tomcat started on port(s): 8080 (http) with context path ''
2020-03-13 14:02:29.054 [INFO ] org.springframework.boot.StartupInfoLogger.logStarted - Started StoremanagerApplication in 0.934 seconds (JVM running for 102.786)
2020-03-13 14:02:29.056 [INFO ] org.springframework.boot.devtools.autoconfigure.ConditionEvaluationDeltaLoggingListener.onApplicationEvent - Condition evaluation unchanged
2020-03-13 14:02:37.279 [INFO ] org.springframework.scheduling.concurrent.ExecutorConfigurationSupport.shutdown - Shutting down ExecutorService 'applicationTaskExecutor'
2020-03-13 14:02:42.986 [INFO ] org.springframework.boot.StartupInfoLogger.logStarting - Starting StoremanagerApplication on 姚元帅 with PID 17048 (F:\MyJob\IDEA\storemanager\target\classes started by YYS in F:\MyJob\IDEA\storemanager)
2020-03-13 14:02:42.989 [INFO ] org.springframework.boot.SpringApplication.logStartupProfileInfo - No active profile set, falling back to default profiles: default
2020-03-13 14:02:43.032 [INFO ] org.springframework.boot.logging.DeferredLog.logTo - Devtools property defaults active! Set 'spring.devtools.add-properties' to 'false' to disable
2020-03-13 14:02:43.032 [INFO ] org.springframework.boot.logging.DeferredLog.logTo - For additional web related logging consider setting the 'logging.level.web' property to 'DEBUG'
2020-03-13 14:02:44.084 [INFO ] org.springframework.boot.web.embedded.tomcat.TomcatWebServer.initialize - Tomcat initialized with port(s): 8080 (http)
2020-03-13 14:02:44.099 [INFO ] org.apache.juli.logging.DirectJDKLog.log - Initializing ProtocolHandler ["http-nio-8080"]
2020-03-13 14:02:44.100 [INFO ] org.apache.juli.logging.DirectJDKLog.log - Starting service [Tomcat]
2020-03-13 14:02:44.102 [INFO ] org.apache.juli.logging.DirectJDKLog.log - Starting Servlet engine: [Apache Tomcat/9.0.31]
2020-03-13 14:02:44.255 [INFO ] org.apache.juli.logging.DirectJDKLog.log - Initializing Spring embedded WebApplicationContext
2020-03-13 14:02:44.255 [INFO ] org.springframework.boot.web.servlet.context.ServletWebServerApplicationContext.prepareWebApplicationContext - Root WebApplicationContext: initialization completed in 1223 ms
2020-03-13 14:02:44.687 [INFO ] org.springframework.scheduling.concurrent.ExecutorConfigurationSupport.initialize - Initializing ExecutorService 'applicationTaskExecutor'
2020-03-13 14:02:44.736 [INFO ] org.springframework.boot.autoconfigure.web.servlet.WelcomePageHandlerMapping.<init> - Adding welcome page: class path resource [templates/index.html]
2020-03-13 14:02:44.790 [WARN ] org.thymeleaf.templatemode.TemplateMode.parse - [THYMELEAF][restartedMain] Template Mode 'LEGACYHTML5' is deprecated. Using Template Mode 'HTML' instead.
2020-03-13 14:02:44.955 [INFO ] org.springframework.boot.devtools.autoconfigure.OptionalLiveReloadServer.startServer - LiveReload server is running on port 35729
2020-03-13 14:02:44.990 [INFO ] org.apache.juli.logging.DirectJDKLog.log - Starting ProtocolHandler ["http-nio-8080"]
2020-03-13 14:02:45.015 [INFO ] org.springframework.boot.web.embedded.tomcat.TomcatWebServer.start - Tomcat started on port(s): 8080 (http) with context path ''
2020-03-13 14:02:45.018 [INFO ] org.springframework.boot.StartupInfoLogger.logStarted - Started StoremanagerApplication in 2.458 seconds (JVM running for 4.401)
2020-03-13 14:02:50.390 [INFO ] org.apache.juli.logging.DirectJDKLog.log - Initializing Spring DispatcherServlet 'dispatcherServlet'
2020-03-13 14:02:50.390 [INFO ] org.springframework.web.servlet.FrameworkServlet.initServletBean - Initializing Servlet 'dispatcherServlet'
2020-03-13 14:02:50.395 [INFO ] org.springframework.web.servlet.FrameworkServlet.initServletBean - Completed initialization in 5 ms
2020-03-13 14:02:55.673 [INFO ] com.zaxxer.hikari.HikariDataSource.getConnection - HikariPool-1 - Starting...
2020-03-13 14:02:55.884 [INFO ] com.zaxxer.hikari.HikariDataSource.getConnection - HikariPool-1 - Start completed.
2020-03-13 14:03:32.471 [INFO ] org.springframework.scheduling.concurrent.ExecutorConfigurationSupport.shutdown - Shutting down ExecutorService 'applicationTaskExecutor'
2020-03-13 14:03:32.471 [INFO ] com.zaxxer.hikari.HikariDataSource.close - HikariPool-1 - Shutdown initiated...
2020-03-13 14:03:32.475 [INFO ] com.zaxxer.hikari.HikariDataSource.close - HikariPool-1 - Shutdown completed.
2020-03-13 14:03:33.118 [INFO ] org.springframework.boot.StartupInfoLogger.logStarting - Starting StoremanagerApplication on 姚元帅 with PID 17048 (F:\MyJob\IDEA\storemanager\target\classes started by YYS in F:\MyJob\IDEA\storemanager)
2020-03-13 14:03:33.119 [INFO ] org.springframework.boot.SpringApplication.logStartupProfileInfo - No active profile set, falling back to default profiles: default
2020-03-13 14:03:33.519 [INFO ] org.springframework.boot.web.embedded.tomcat.TomcatWebServer.initialize - Tomcat initialized with port(s): 8080 (http)
2020-03-13 14:03:33.519 [INFO ] org.apache.juli.logging.DirectJDKLog.log - Initializing ProtocolHandler ["http-nio-8080"]
2020-03-13 14:03:33.520 [INFO ] org.apache.juli.logging.DirectJDKLog.log - Starting service [Tomcat]
2020-03-13 14:03:33.520 [INFO ] org.apache.juli.logging.DirectJDKLog.log - Starting Servlet engine: [Apache Tomcat/9.0.31]
2020-03-13 14:03:33.571 [INFO ] org.apache.juli.logging.DirectJDKLog.log - Initializing Spring embedded WebApplicationContext
2020-03-13 14:03:33.572 [INFO ] org.springframework.boot.web.servlet.context.ServletWebServerApplicationContext.prepareWebApplicationContext - Root WebApplicationContext: initialization completed in 449 ms
2020-03-13 14:03:33.659 [INFO ] org.springframework.scheduling.concurrent.ExecutorConfigurationSupport.initialize - Initializing ExecutorService 'applicationTaskExecutor'
2020-03-13 14:03:33.672 [INFO ] org.springframework.boot.autoconfigure.web.servlet.WelcomePageHandlerMapping.<init> - Adding welcome page: class path resource [templates/index.html]
2020-03-13 14:03:33.704 [WARN ] org.thymeleaf.templatemode.TemplateMode.parse - [THYMELEAF][restartedMain] Template Mode 'LEGACYHTML5' is deprecated. Using Template Mode 'HTML' instead.
2020-03-13 14:03:33.798 [INFO ] org.springframework.boot.devtools.autoconfigure.OptionalLiveReloadServer.startServer - LiveReload server is running on port 35729
2020-03-13 14:03:33.814 [INFO ] org.apache.juli.logging.DirectJDKLog.log - Starting ProtocolHandler ["http-nio-8080"]
2020-03-13 14:03:33.817 [INFO ] org.springframework.boot.web.embedded.tomcat.TomcatWebServer.start - Tomcat started on port(s): 8080 (http) with context path ''
2020-03-13 14:03:33.817 [INFO ] org.springframework.boot.StartupInfoLogger.logStarted - Started StoremanagerApplication in 0.751 seconds (JVM running for 53.2)
2020-03-13 14:03:33.818 [INFO ] org.springframework.boot.devtools.autoconfigure.ConditionEvaluationDeltaLoggingListener.onApplicationEvent - Condition evaluation unchanged
2020-03-13 14:59:43.590 [INFO ] org.springframework.scheduling.concurrent.ExecutorConfigurationSupport.shutdown - Shutting down ExecutorService 'applicationTaskExecutor'
2020-03-13 14:59:51.934 [INFO ] org.springframework.boot.StartupInfoLogger.logStarting - Starting StoremanagerApplication on 姚元帅 with PID 17536 (F:\MyJob\IDEA\storemanager\target\classes started by YYS in F:\MyJob\IDEA\storemanager)
2020-03-13 14:59:51.938 [INFO ] org.springframework.boot.SpringApplication.logStartupProfileInfo - No active profile set, falling back to default profiles: default
2020-03-13 14:59:51.973 [INFO ] org.springframework.boot.logging.DeferredLog.logTo - Devtools property defaults active! Set 'spring.devtools.add-properties' to 'false' to disable
2020-03-13 14:59:51.974 [INFO ] org.springframework.boot.logging.DeferredLog.logTo - For additional web related logging consider setting the 'logging.level.web' property to 'DEBUG'
2020-03-13 14:59:52.699 [INFO ] org.springframework.data.repository.config.RepositoryConfigurationDelegate.multipleStoresDetected - Multiple Spring Data modules found, entering strict repository configuration mode!
2020-03-13 14:59:52.702 [INFO ] org.springframework.data.repository.config.RepositoryConfigurationDelegate.registerRepositoriesIn - Bootstrapping Spring Data Redis repositories in DEFAULT mode.
2020-03-13 14:59:52.728 [INFO ] org.springframework.data.repository.config.RepositoryConfigurationDelegate.registerRepositoriesIn - Finished Spring Data repository scanning in 8ms. Found 0 Redis repository interfaces.
2020-03-13 14:59:53.381 [INFO ] org.springframework.boot.web.embedded.tomcat.TomcatWebServer.initialize - Tomcat initialized with port(s): 8080 (http)
2020-03-13 14:59:53.389 [INFO ] org.apache.juli.logging.DirectJDKLog.log - Initializing ProtocolHandler ["http-nio-8080"]
2020-03-13 14:59:53.390 [INFO ] org.apache.juli.logging.DirectJDKLog.log - Starting service [Tomcat]
2020-03-13 14:59:53.391 [INFO ] org.apache.juli.logging.DirectJDKLog.log - Starting Servlet engine: [Apache Tomcat/9.0.31]
2020-03-13 14:59:53.555 [INFO ] org.apache.juli.logging.DirectJDKLog.log - Initializing Spring embedded WebApplicationContext
2020-03-13 14:59:53.555 [INFO ] org.springframework.boot.web.servlet.context.ServletWebServerApplicationContext.prepareWebApplicationContext - Root WebApplicationContext: initialization completed in 1581 ms
2020-03-13 14:59:53.962 [INFO ] org.springframework.scheduling.concurrent.ExecutorConfigurationSupport.initialize - Initializing ExecutorService 'applicationTaskExecutor'
2020-03-13 14:59:54.009 [INFO ] org.springframework.boot.autoconfigure.web.servlet.WelcomePageHandlerMapping.<init> - Adding welcome page: class path resource [templates/index.html]
2020-03-13 14:59:54.069 [WARN ] org.thymeleaf.templatemode.TemplateMode.parse - [THYMELEAF][restartedMain] Template Mode 'LEGACYHTML5' is deprecated. Using Template Mode 'HTML' instead.
2020-03-13 14:59:54.660 [INFO ] org.springframework.boot.devtools.autoconfigure.OptionalLiveReloadServer.startServer - LiveReload server is running on port 35729
2020-03-13 14:59:54.711 [INFO ] org.apache.juli.logging.DirectJDKLog.log - Starting ProtocolHandler ["http-nio-8080"]
2020-03-13 14:59:54.743 [INFO ] org.springframework.boot.web.embedded.tomcat.TomcatWebServer.start - Tomcat started on port(s): 8080 (http) with context path ''
2020-03-13 14:59:54.746 [INFO ] org.springframework.boot.StartupInfoLogger.logStarted - Started StoremanagerApplication in 3.253 seconds (JVM running for 5.388)
2020-03-13 16:38:36.815 [INFO ] org.springframework.scheduling.concurrent.ExecutorConfigurationSupport.shutdown - Shutting down ExecutorService 'applicationTaskExecutor'
2020-03-13 16:38:37.669 [INFO ] org.springframework.boot.StartupInfoLogger.logStarting - Starting StoremanagerApplication on 姚元帅 with PID 17536 (F:\MyJob\IDEA\storemanager\target\classes started by YYS in F:\MyJob\IDEA\storemanager)
2020-03-13 16:38:37.670 [INFO ] org.springframework.boot.SpringApplication.logStartupProfileInfo - No active profile set, falling back to default profiles: default
2020-03-13 16:38:37.892 [INFO ] org.springframework.data.repository.config.RepositoryConfigurationDelegate.multipleStoresDetected - Multiple Spring Data modules found, entering strict repository configuration mode!
2020-03-13 16:38:37.893 [INFO ] org.springframework.data.repository.config.RepositoryConfigurationDelegate.registerRepositoriesIn - Bootstrapping Spring Data Redis repositories in DEFAULT mode.
2020-03-13 16:38:37.898 [INFO ] org.springframework.data.repository.config.RepositoryConfigurationDelegate.registerRepositoriesIn - Finished Spring Data repository scanning in 4ms. Found 0 Redis repository interfaces.
2020-03-13 16:38:38.108 [INFO ] org.springframework.boot.web.embedded.tomcat.TomcatWebServer.initialize - Tomcat initialized with port(s): 8080 (http)
2020-03-13 16:38:38.108 [INFO ] org.apache.juli.logging.DirectJDKLog.log - Initializing ProtocolHandler ["http-nio-8080"]
2020-03-13 16:38:38.108 [INFO ] org.apache.juli.logging.DirectJDKLog.log - Starting service [Tomcat]
2020-03-13 16:38:38.108 [INFO ] org.apache.juli.logging.DirectJDKLog.log - Starting Servlet engine: [Apache Tomcat/9.0.31]
2020-03-13 16:38:38.158 [INFO ] org.apache.juli.logging.DirectJDKLog.log - Initializing Spring embedded WebApplicationContext
2020-03-13 16:38:38.158 [INFO ] org.springframework.boot.web.servlet.context.ServletWebServerApplicationContext.prepareWebApplicationContext - Root WebApplicationContext: initialization completed in 484 ms
2020-03-13 16:38:38.245 [INFO ] org.springframework.scheduling.concurrent.ExecutorConfigurationSupport.initialize - Initializing ExecutorService 'applicationTaskExecutor'
2020-03-13 16:38:38.256 [INFO ] org.springframework.boot.autoconfigure.web.servlet.WelcomePageHandlerMapping.<init> - Adding welcome page: class path resource [templates/index.html]
2020-03-13 16:38:38.275 [WARN ] org.thymeleaf.templatemode.TemplateMode.parse - [THYMELEAF][restartedMain] Template Mode 'LEGACYHTML5' is deprecated. Using Template Mode 'HTML' instead.
2020-03-13 16:38:38.398 [INFO ] org.springframework.boot.devtools.autoconfigure.OptionalLiveReloadServer.startServer - LiveReload server is running on port 35729
2020-03-13 16:38:38.416 [INFO ] org.apache.juli.logging.DirectJDKLog.log - Starting ProtocolHandler ["http-nio-8080"]
2020-03-13 16:38:38.419 [INFO ] org.springframework.boot.web.embedded.tomcat.TomcatWebServer.start - Tomcat started on port(s): 8080 (http) with context path ''
2020-03-13 16:38:38.420 [INFO ] org.springframework.boot.StartupInfoLogger.logStarted - Started StoremanagerApplication in 0.816 seconds (JVM running for 5929.062)
2020-03-13 16:38:38.422 [INFO ] org.springframework.boot.devtools.autoconfigure.ConditionEvaluationDeltaLoggingListener.onApplicationEvent - Condition evaluation unchanged
